# JRE version: Java(TM) SE Runtime Environment (17.0.6+9) (build 17.0.6+9-LTS-190)
# Java VM: Java HotSpot(TM) 64-Bit Server VM (17.0.6+9-LTS-190, mixed mode, sharing, tiered, compressed oops, compressed class ptrs, g1 gc, windows-amd64)
GC Precious Log:
 CPUs: 4 total, 4 available
 Memory: 8072M
 Large Page Support: Disabled
 NUMA Support: Disabled
 Compressed Oops: Enabled (32-bit)
 Heap Region Size: 1M
 Heap Min Capacity: 8M
 Heap Initial Capacity: 128M
 Heap Max Capacity: 2020M
 Pre-touch: Disabled
 Parallel Workers: 4
 Concurrent Workers: 1
 Concurrent Refinement Workers: 4
 Periodic GC: Disabled
Heap:
 garbage-first heap   total 51200K, used 30502K [0x0000000081c00000, 0x0000000100000000)
  region size 1024K, 17 young (17408K), 3 survivors (3072K)
 Metaspace       used 33174K, committed 33536K, reserved 1081344K
  class space    used 4516K, committed 4672K, reserved 1048576K
GC Heap History (14 events):
Event: 0.639 GC heap before
{Heap before GC invocations=0 (full 0):
 garbage-first heap   total 131072K, used 13312K [0x0000000081c00000, 0x0000000100000000)
  region size 1024K, 13 young (13312K), 0 survivors (0K)
 Metaspace       used 2820K, committed 3008K, reserved 1056768K
  class space    used 294K, committed 384K, reserved 1048576K
}
Event: 0.648 GC heap after
{Heap after GC invocations=1 (full 0):
 garbage-first heap   total 131072K, used 7268K [0x0000000081c00000, 0x0000000100000000)
  region size 1024K, 2 young (2048K), 2 survivors (2048K)
 Metaspace       used 2820K, committed 3008K, reserved 1056768K
  class space    used 294K, committed 384K, reserved 1048576K
}
Event: 0.967 GC heap before
{Heap before GC invocations=1 (full 0):
 garbage-first heap   total 131072K, used 14436K [0x0000000081c00000, 0x0000000100000000)
  region size 1024K, 9 young (9216K), 2 survivors (2048K)
 Metaspace       used 4706K, committed 4864K, reserved 1056768K
  class space    used 564K, committed 640K, reserved 1048576K
}
Event: 0.970 GC heap after
{Heap after GC invocations=2 (full 0):
 garbage-first heap   total 131072K, used 7954K [0x0000000081c00000, 0x0000000100000000)
  region size 1024K, 1 young (1024K), 1 survivors (1024K)
 Metaspace       used 4706K, committed 4864K, reserved 1056768K
  class space    used 564K, committed 640K, reserved 1048576K
}
Event: 1.808 GC heap before
{Heap before GC invocations=2 (full 0):
 garbage-first heap   total 131072K, used 31506K [0x0000000081c00000, 0x0000000100000000)
  region size 1024K, 25 young (25600K), 1 survivors (1024K)
 Metaspace       used 11129K, committed 11328K, reserved 1064960K
  class space    used 1424K, committed 1536K, reserved 1048576K
}
Event: 1.813 GC heap after
{Heap after GC invocations=3 (full 0):
 garbage-first heap   total 131072K, used 9858K [0x0000000081c00000, 0x0000000100000000)
  region size 1024K, 3 young (3072K), 3 survivors (3072K)
 Metaspace       used 11129K, committed 11328K, reserved 1064960K
  class space    used 1424K, committed 1536K, reserved 1048576K
}
Event: 3.002 GC heap before
{Heap before GC invocations=3 (full 0):
 garbage-first heap   total 131072K, used 59010K [0x0000000081c00000, 0x0000000100000000)
  region size 1024K, 53 young (54272K), 3 survivors (3072K)
 Metaspace       used 21310K, committed 21504K, reserved 1073152K
  class space    used 2778K, committed 2880K, reserved 1048576K
}
Event: 3.012 GC heap after
{Heap after GC invocations=4 (full 0):
 garbage-first heap   total 131072K, used 13220K [0x0000000081c00000, 0x0000000100000000)
  region size 1024K, 6 young (6144K), 6 survivors (6144K)
 Metaspace       used 21310K, committed 21504K, reserved 1073152K
  class space    used 2778K, committed 2880K, reserved 1048576K
}
Event: 4.252 GC heap before
{Heap before GC invocations=5 (full 0):
 garbage-first heap   total 51200K, used 38820K [0x0000000081c00000, 0x0000000100000000)
  region size 1024K, 32 young (32768K), 6 survivors (6144K)
 Metaspace       used 24593K, committed 24768K, reserved 1073152K
  class space    used 3246K, committed 3328K, reserved 1048576K
}
Event: 4.265 GC heap after
{Heap after GC invocations=6 (full 0):
 garbage-first heap   total 51200K, used 14637K [0x0000000081c00000, 0x0000000100000000)
  region size 1024K, 5 young (5120K), 5 survivors (5120K)
 Metaspace       used 24593K, committed 24768K, reserved 1073152K
  class space    used 3246K, committed 3328K, reserved 1048576K
}
Event: 5.712 GC heap before
{Heap before GC invocations=6 (full 0):
 garbage-first heap   total 51200K, used 33069K [0x0000000081c00000, 0x0000000100000000)
  region size 1024K, 24 young (24576K), 5 survivors (5120K)
 Metaspace       used 27443K, committed 27776K, reserved 1073152K
  class space    used 3648K, committed 3840K, reserved 1048576K
}
Event: 5.726 GC heap after
{Heap after GC invocations=7 (full 0):
 garbage-first heap   total 51200K, used 16043K [0x0000000081c00000, 0x0000000100000000)
  region size 1024K, 2 young (2048K), 2 survivors (2048K)
 Metaspace       used 27443K, committed 27776K, reserved 1073152K
  class space    used 3648K, committed 3840K, reserved 1048576K
}
Event: 6.955 GC heap before
{Heap before GC invocations=7 (full 0):
 garbage-first heap   total 51200K, used 36523K [0x0000000081c00000, 0x0000000100000000)
  region size 1024K, 22 young (22528K), 2 survivors (2048K)
 Metaspace       used 30396K, committed 30784K, reserved 1081344K
  class space    used 4041K, committed 4224K, reserved 1048576K
}
Event: 6.964 GC heap after
{Heap after GC invocations=8 (full 0):
 garbage-first heap   total 51200K, used 17190K [0x0000000081c00000, 0x0000000100000000)
  region size 1024K, 3 young (3072K), 3 survivors (3072K)
 Metaspace       used 30396K, committed 30784K, reserved 1081344K
  class space    used 4041K, committed 4224K, reserved 1048576K
}

