# JRE version: Java(TM) SE Runtime Environment (17.0.6+9) (build 17.0.6+9-LTS-190)
# Java VM: Java HotSpot(TM) 64-Bit Server VM (17.0.6+9-LTS-190, mixed mode, sharing, tiered, compressed oops, compressed class ptrs, g1 gc, windows-amd64)
GC Precious Log:
 CPUs: 4 total, 4 available
 Memory: 8072M
 Large Page Support: Disabled
 NUMA Support: Disabled
 Compressed Oops: Enabled (32-bit)
 Heap Region Size: 1M
 Heap Min Capacity: 8M
 Heap Initial Capacity: 128M
 Heap Max Capacity: 2020M
 Pre-touch: Disabled
 Parallel Workers: 4
 Concurrent Workers: 1
 Concurrent Refinement Workers: 4
 Periodic GC: Disabled
Heap:
 garbage-first heap   total 97280K, used 24606K [0x0000000081c00000, 0x0000000100000000)
  region size 1024K, 12 young (12288K), 2 survivors (2048K)
 Metaspace       used 29150K, committed 29568K, reserved 1081344K
  class space    used 3895K, committed 4096K, reserved 1048576K
GC Heap History (14 events):
Event: 0.597 GC heap before
{Heap before GC invocations=0 (full 0):
 garbage-first heap   total 131072K, used 13312K [0x0000000081c00000, 0x0000000100000000)
  region size 1024K, 13 young (13312K), 0 survivors (0K)
 Metaspace       used 2856K, committed 3072K, reserved 1056768K
  class space    used 291K, committed 384K, reserved 1048576K
}
Event: 0.605 GC heap after
{Heap after GC invocations=1 (full 0):
 garbage-first heap   total 131072K, used 6907K [0x0000000081c00000, 0x0000000100000000)
  region size 1024K, 2 young (2048K), 2 survivors (2048K)
 Metaspace       used 2856K, committed 3072K, reserved 1056768K
  class space    used 291K, committed 384K, reserved 1048576K
}
Event: 0.949 GC heap before
{Heap before GC invocations=1 (full 0):
 garbage-first heap   total 131072K, used 15099K [0x0000000081c00000, 0x0000000100000000)
  region size 1024K, 10 young (10240K), 2 survivors (2048K)
 Metaspace       used 4985K, committed 5184K, reserved 1056768K
  class space    used 609K, committed 704K, reserved 1048576K
}
Event: 0.953 GC heap after
{Heap after GC invocations=2 (full 0):
 garbage-first heap   total 131072K, used 7714K [0x0000000081c00000, 0x0000000100000000)
  region size 1024K, 1 young (1024K), 1 survivors (1024K)
 Metaspace       used 4985K, committed 5184K, reserved 1056768K
  class space    used 609K, committed 704K, reserved 1048576K
}
Event: 1.909 GC heap before
{Heap before GC invocations=2 (full 0):
 garbage-first heap   total 131072K, used 30242K [0x0000000081c00000, 0x0000000100000000)
  region size 1024K, 24 young (24576K), 1 survivors (1024K)
 Metaspace       used 11081K, committed 11328K, reserved 1064960K
  class space    used 1413K, committed 1536K, reserved 1048576K
}
Event: 1.914 GC heap after
{Heap after GC invocations=3 (full 0):
 garbage-first heap   total 131072K, used 9442K [0x0000000081c00000, 0x0000000100000000)
  region size 1024K, 3 young (3072K), 3 survivors (3072K)
 Metaspace       used 11081K, committed 11328K, reserved 1064960K
  class space    used 1413K, committed 1536K, reserved 1048576K
}
Event: 3.295 GC heap before
{Heap before GC invocations=3 (full 0):
 garbage-first heap   total 131072K, used 57570K [0x0000000081c00000, 0x0000000100000000)
  region size 1024K, 52 young (53248K), 3 survivors (3072K)
 Metaspace       used 21287K, committed 21504K, reserved 1073152K
  class space    used 2776K, committed 2880K, reserved 1048576K
}
Event: 3.303 GC heap after
{Heap after GC invocations=4 (full 0):
 garbage-first heap   total 131072K, used 12694K [0x0000000081c00000, 0x0000000100000000)
  region size 1024K, 6 young (6144K), 6 survivors (6144K)
 Metaspace       used 21287K, committed 21504K, reserved 1073152K
  class space    used 2776K, committed 2880K, reserved 1048576K
}
Event: 4.231 GC heap before
{Heap before GC invocations=5 (full 0):
 garbage-first heap   total 51200K, used 39318K [0x0000000081c00000, 0x0000000100000000)
  region size 1024K, 33 young (33792K), 6 survivors (6144K)
 Metaspace       used 24584K, committed 24832K, reserved 1073152K
  class space    used 3237K, committed 3328K, reserved 1048576K
}
Event: 4.242 GC heap after
{Heap after GC invocations=6 (full 0):
 garbage-first heap   total 51200K, used 13987K [0x0000000081c00000, 0x0000000100000000)
  region size 1024K, 7 young (7168K), 7 survivors (7168K)
 Metaspace       used 24584K, committed 24832K, reserved 1073152K
  class space    used 3237K, committed 3328K, reserved 1048576K
}
Event: 4.276 GC heap before
{Heap before GC invocations=6 (full 0):
 garbage-first heap   total 51200K, used 13987K [0x0000000081c00000, 0x0000000100000000)
  region size 1024K, 8 young (8192K), 7 survivors (7168K)
 Metaspace       used 24707K, committed 24896K, reserved 1073152K
  class space    used 3260K, committed 3328K, reserved 1048576K
}
Event: 4.289 GC heap after
{Heap after GC invocations=7 (full 0):
 garbage-first heap   total 51200K, used 14643K [0x0000000081c00000, 0x0000000100000000)
  region size 1024K, 1 young (1024K), 1 survivors (1024K)
 Metaspace       used 24707K, committed 24896K, reserved 1073152K
  class space    used 3260K, committed 3328K, reserved 1048576K
}
Event: 5.115 GC heap before
{Heap before GC invocations=7 (full 0):
 garbage-first heap   total 51200K, used 35123K [0x0000000081c00000, 0x0000000100000000)
  region size 1024K, 21 young (21504K), 1 survivors (1024K)
 Metaspace       used 27786K, committed 28096K, reserved 1073152K
  class space    used 3688K, committed 3840K, reserved 1048576K
}
Event: 5.121 GC heap after
{Heap after GC invocations=8 (full 0):
 garbage-first heap   total 97280K, used 15390K [0x0000000081c00000, 0x0000000100000000)
  region size 1024K, 2 young (2048K), 2 survivors (2048K)
 Metaspace       used 27786K, committed 28096K, reserved 1073152K
  class space    used 3688K, committed 3840K, reserved 1048576K
}

