# JRE version: OpenJDK Runtime Environment Temurin-17.0.6+10 (17.0.6+10) (build 17.0.6+10)
# Java VM: OpenJDK 64-Bit Server VM Temurin-17.0.6+10 (17.0.6+10, mixed mode, emulated-client, tiered, compressed oops, compressed class ptrs, g1 gc, windows-amd64)
GC Precious Log:
 CPUs: 4 total, 4 available
 Memory: 8072M
 Large Page Support: Disabled
 NUMA Support: Disabled
 Compressed Oops: Enabled (32-bit)
 Heap Region Size: 1M
 Heap Min Capacity: 8M
 Heap Initial Capacity: 128M
 Heap Max Capacity: 1G
 Pre-touch: Disabled
 Parallel Workers: 4
 Concurrent Workers: 1
 Concurrent Refinement Workers: 4
 Periodic GC: Disabled
Heap:
 garbage-first heap   total 126976K, used 37441K [0x00000000c0000000, 0x0000000100000000)
  region size 1024K, 1 young (1024K), 0 survivors (0K)
 Metaspace       used 60754K, committed 61376K, reserved 1105920K
  class space    used 8140K, committed 8384K, reserved 1048576K
GC Heap History (20 events):
Event: 7364.832 GC heap before
{Heap before GC invocations=452 (full 403):
 garbage-first heap   total 126976K, used 37441K [0x00000000c0000000, 0x0000000100000000)
  region size 1024K, 1 young (1024K), 0 survivors (0K)
 Metaspace       used 60754K, committed 61376K, reserved 1105920K
  class space    used 8140K, committed 8384K, reserved 1048576K
}
Event: 7364.891 GC heap after
{Heap after GC invocations=453 (full 404):
 garbage-first heap   total 126976K, used 37441K [0x00000000c0000000, 0x0000000100000000)
  region size 1024K, 0 young (0K), 0 survivors (0K)
 Metaspace       used 60754K, committed 61376K, reserved 1105920K
  class space    used 8140K, committed 8384K, reserved 1048576K
}
Event: 7375.221 GC heap before
{Heap before GC invocations=453 (full 404):
 garbage-first heap   total 126976K, used 37441K [0x00000000c0000000, 0x0000000100000000)
  region size 1024K, 1 young (1024K), 0 survivors (0K)
 Metaspace       used 60754K, committed 61376K, reserved 1105920K
  class space    used 8140K, committed 8384K, reserved 1048576K
}
Event: 7375.294 GC heap after
{Heap after GC invocations=454 (full 405):
 garbage-first heap   total 126976K, used 37441K [0x00000000c0000000, 0x0000000100000000)
  region size 1024K, 0 young (0K), 0 survivors (0K)
 Metaspace       used 60754K, committed 61376K, reserved 1105920K
  class space    used 8140K, committed 8384K, reserved 1048576K
}
Event: 7385.489 GC heap before
{Heap before GC invocations=454 (full 405):
 garbage-first heap   total 126976K, used 37441K [0x00000000c0000000, 0x0000000100000000)
  region size 1024K, 1 young (1024K), 0 survivors (0K)
 Metaspace       used 60754K, committed 61376K, reserved 1105920K
  class space    used 8140K, committed 8384K, reserved 1048576K
}
Event: 7385.550 GC heap after
{Heap after GC invocations=455 (full 406):
 garbage-first heap   total 126976K, used 37441K [0x00000000c0000000, 0x0000000100000000)
  region size 1024K, 0 young (0K), 0 survivors (0K)
 Metaspace       used 60754K, committed 61376K, reserved 1105920K
  class space    used 8140K, committed 8384K, reserved 1048576K
}
Event: 7395.759 GC heap before
{Heap before GC invocations=455 (full 406):
 garbage-first heap   total 126976K, used 37441K [0x00000000c0000000, 0x0000000100000000)
  region size 1024K, 1 young (1024K), 0 survivors (0K)
 Metaspace       used 60754K, committed 61376K, reserved 1105920K
  class space    used 8140K, committed 8384K, reserved 1048576K
}
Event: 7395.823 GC heap after
{Heap after GC invocations=456 (full 407):
 garbage-first heap   total 126976K, used 37441K [0x00000000c0000000, 0x0000000100000000)
  region size 1024K, 0 young (0K), 0 survivors (0K)
 Metaspace       used 60754K, committed 61376K, reserved 1105920K
  class space    used 8140K, committed 8384K, reserved 1048576K
}
Event: 7406.007 GC heap before
{Heap before GC invocations=456 (full 407):
 garbage-first heap   total 126976K, used 37441K [0x00000000c0000000, 0x0000000100000000)
  region size 1024K, 1 young (1024K), 0 survivors (0K)
 Metaspace       used 60754K, committed 61376K, reserved 1105920K
  class space    used 8140K, committed 8384K, reserved 1048576K
}
Event: 7406.064 GC heap after
{Heap after GC invocations=457 (full 408):
 garbage-first heap   total 126976K, used 37441K [0x00000000c0000000, 0x0000000100000000)
  region size 1024K, 0 young (0K), 0 survivors (0K)
 Metaspace       used 60754K, committed 61376K, reserved 1105920K
  class space    used 8140K, committed 8384K, reserved 1048576K
}
Event: 7416.262 GC heap before
{Heap before GC invocations=457 (full 408):
 garbage-first heap   total 126976K, used 37441K [0x00000000c0000000, 0x0000000100000000)
  region size 1024K, 1 young (1024K), 0 survivors (0K)
 Metaspace       used 60754K, committed 61376K, reserved 1105920K
  class space    used 8140K, committed 8384K, reserved 1048576K
}
Event: 7416.311 GC heap after
{Heap after GC invocations=458 (full 409):
 garbage-first heap   total 126976K, used 37441K [0x00000000c0000000, 0x0000000100000000)
  region size 1024K, 0 young (0K), 0 survivors (0K)
 Metaspace       used 60754K, committed 61376K, reserved 1105920K
  class space    used 8140K, committed 8384K, reserved 1048576K
}
Event: 7426.464 GC heap before
{Heap before GC invocations=458 (full 409):
 garbage-first heap   total 126976K, used 37441K [0x00000000c0000000, 0x0000000100000000)
  region size 1024K, 1 young (1024K), 0 survivors (0K)
 Metaspace       used 60754K, committed 61376K, reserved 1105920K
  class space    used 8140K, committed 8384K, reserved 1048576K
}
Event: 7426.506 GC heap after
{Heap after GC invocations=459 (full 410):
 garbage-first heap   total 126976K, used 37441K [0x00000000c0000000, 0x0000000100000000)
  region size 1024K, 0 young (0K), 0 survivors (0K)
 Metaspace       used 60754K, committed 61376K, reserved 1105920K
  class space    used 8140K, committed 8384K, reserved 1048576K
}
Event: 7437.250 GC heap before
{Heap before GC invocations=459 (full 410):
 garbage-first heap   total 126976K, used 37441K [0x00000000c0000000, 0x0000000100000000)
  region size 1024K, 1 young (1024K), 0 survivors (0K)
 Metaspace       used 60754K, committed 61376K, reserved 1105920K
  class space    used 8140K, committed 8384K, reserved 1048576K
}
Event: 7437.319 GC heap after
{Heap after GC invocations=460 (full 411):
 garbage-first heap   total 126976K, used 37441K [0x00000000c0000000, 0x0000000100000000)
  region size 1024K, 0 young (0K), 0 survivors (0K)
 Metaspace       used 60754K, committed 61376K, reserved 1105920K
  class space    used 8140K, committed 8384K, reserved 1048576K
}
Event: 7447.824 GC heap before
{Heap before GC invocations=460 (full 411):
 garbage-first heap   total 126976K, used 37441K [0x00000000c0000000, 0x0000000100000000)
  region size 1024K, 1 young (1024K), 0 survivors (0K)
 Metaspace       used 60754K, committed 61376K, reserved 1105920K
  class space    used 8140K, committed 8384K, reserved 1048576K
}
Event: 7447.896 GC heap after
{Heap after GC invocations=461 (full 412):
 garbage-first heap   total 126976K, used 37441K [0x00000000c0000000, 0x0000000100000000)
  region size 1024K, 0 young (0K), 0 survivors (0K)
 Metaspace       used 60754K, committed 61376K, reserved 1105920K
  class space    used 8140K, committed 8384K, reserved 1048576K
}
Event: 7458.072 GC heap before
{Heap before GC invocations=461 (full 412):
 garbage-first heap   total 126976K, used 37441K [0x00000000c0000000, 0x0000000100000000)
  region size 1024K, 1 young (1024K), 0 survivors (0K)
 Metaspace       used 60754K, committed 61376K, reserved 1105920K
  class space    used 8140K, committed 8384K, reserved 1048576K
}
Event: 7458.119 GC heap after
{Heap after GC invocations=462 (full 413):
 garbage-first heap   total 126976K, used 37441K [0x00000000c0000000, 0x0000000100000000)
  region size 1024K, 0 young (0K), 0 survivors (0K)
 Metaspace       used 60754K, committed 61376K, reserved 1105920K
  class space    used 8140K, committed 8384K, reserved 1048576K
}

